2019-08-29 13:34:48 1120 [Note] Plugin 'FEDERATED' is disabled.
2019-08-29 13:34:48 1120 [Note] InnoDB: The InnoDB memory heap is disabled
2019-08-29 13:34:48 1120 [Note] InnoDB: Mutexes and rw_locks use Windows interlocked functions
2019-08-29 13:34:48 1120 [Note] InnoDB: Compressed tables use zlib 1.2.3
2019-08-29 13:34:48 1120 [Note] InnoDB: Not using CPU crc32 instructions
2019-08-29 13:34:48 1120 [Note] InnoDB: Initializing buffer pool, size = 128.0M
2019-08-29 13:34:48 1120 [Note] InnoDB: Completed initialization of buffer pool
2019-08-29 13:34:48 1120 [Note] InnoDB: Highest supported file format is Barracuda.
2019-08-29 13:34:49 1120 [Note] InnoDB: The log sequence numbers 1626134 and 1626134 in ibdata files do not match the log sequence number 3301235 in the ib_logfiles!
2019-08-29 13:34:49 1120 [Note] InnoDB: Database was not shutdown normally!
2019-08-29 13:34:49 1120 [Note] InnoDB: Starting crash recovery.
2019-08-29 13:34:49 1120 [Note] InnoDB: Reading tablespace information from the .ibd files...
2019-08-29 13:34:49 1120 [Note] InnoDB: Restoring possible half-written data pages 
2019-08-29 13:34:49 1120 [Note] InnoDB: from the doublewrite buffer...
2019-08-29 13:34:52 1120 [Note] InnoDB: 128 rollback segment(s) are active.
2019-08-29 13:34:52 1120 [Note] InnoDB: Waiting for purge to start
2019-08-29 13:34:52 1120 [Note] InnoDB: 5.6.13 started; log sequence number 3301235
2019-08-29 13:34:52 1120 [Note] Server hostname (bind-address): '*'; port: 3307
2019-08-29 13:34:52 1120 [Note] IPv6 is available.
2019-08-29 13:34:52 1120 [Note]   - '::' resolves to '::';
2019-08-29 13:34:52 1120 [Note] Server socket created on IP: '::'.
2019-08-29 18:49:18 6160 [Note] Plugin 'FEDERATED' is disabled.
2019-08-29 18:49:18 6160 [Note] InnoDB: The InnoDB memory heap is disabled
2019-08-29 18:49:18 6160 [Note] InnoDB: Mutexes and rw_locks use Windows interlocked functions
2019-08-29 18:49:18 6160 [Note] InnoDB: Compressed tables use zlib 1.2.3
2019-08-29 18:49:18 6160 [Note] InnoDB: Not using CPU crc32 instructions
2019-08-29 18:49:18 6160 [Note] InnoDB: Initializing buffer pool, size = 128.0M
2019-08-29 18:49:18 6160 [Note] InnoDB: Completed initialization of buffer pool
2019-08-29 18:49:18 6160 [Note] InnoDB: Highest supported file format is Barracuda.
2019-08-29 18:49:18 6160 [Note] InnoDB: The log sequence numbers 1626134 and 1626134 in ibdata files do not match the log sequence number 3301245 in the ib_logfiles!
2019-08-29 18:49:18 6160 [Note] InnoDB: Database was not shutdown normally!
2019-08-29 18:49:18 6160 [Note] InnoDB: Starting crash recovery.
2019-08-29 18:49:18 6160 [Note] InnoDB: Reading tablespace information from the .ibd files...
2019-08-29 18:49:18 6160 [Note] InnoDB: Restoring possible half-written data pages 
2019-08-29 18:49:18 6160 [Note] InnoDB: from the doublewrite buffer...
2019-08-29 18:49:20 6160 [Note] InnoDB: 128 rollback segment(s) are active.
2019-08-29 18:49:20 6160 [Note] InnoDB: Waiting for purge to start
2019-08-29 18:49:20 6160 [Note] InnoDB: Waiting for purge to start
2019-08-29 18:49:21 6160 [Note] InnoDB: 5.6.13 started; log sequence number 3301245
2019-08-29 18:49:21 6160 [Note] Server hostname (bind-address): '*'; port: 3307
2019-08-29 18:49:21 6160 [Note] IPv6 is available.
2019-08-29 18:49:21 6160 [Note]   - '::' resolves to '::';
2019-08-29 18:49:21 6160 [Note] Server socket created on IP: '::'.
2019-08-31 10:24:30 2760 [Note] Plugin 'FEDERATED' is disabled.
2019-08-31 10:24:30 2760 [Note] InnoDB: The InnoDB memory heap is disabled
2019-08-31 10:24:30 2760 [Note] InnoDB: Mutexes and rw_locks use Windows interlocked functions
2019-08-31 10:24:30 2760 [Note] InnoDB: Compressed tables use zlib 1.2.3
2019-08-31 10:24:30 2760 [Note] InnoDB: Not using CPU crc32 instructions
2019-08-31 10:24:30 2760 [Note] InnoDB: Initializing buffer pool, size = 128.0M
2019-08-31 10:24:30 2760 [Note] InnoDB: Completed initialization of buffer pool
2019-08-31 10:24:30 2760 [Note] InnoDB: Highest supported file format is Barracuda.
2019-08-31 10:24:30 2760 [Note] InnoDB: The log sequence numbers 1626134 and 1626134 in ibdata files do not match the log sequence number 3301255 in the ib_logfiles!
2019-08-31 10:24:30 2760 [Note] InnoDB: Database was not shutdown normally!
2019-08-31 10:24:30 2760 [Note] InnoDB: Starting crash recovery.
2019-08-31 10:24:30 2760 [Note] InnoDB: Reading tablespace information from the .ibd files...
2019-08-31 10:24:30 2760 [Note] InnoDB: Restoring possible half-written data pages 
2019-08-31 10:24:30 2760 [Note] InnoDB: from the doublewrite buffer...
2019-08-31 10:24:33 2760 [Note] InnoDB: 128 rollback segment(s) are active.
2019-08-31 10:24:33 2760 [Note] InnoDB: Waiting for purge to start
2019-08-31 10:24:33 2760 [Note] InnoDB: 5.6.13 started; log sequence number 3301255
2019-08-31 10:24:33 2760 [Note] Server hostname (bind-address): '*'; port: 3307
2019-08-31 10:24:33 2760 [Note] IPv6 is available.
2019-08-31 10:24:33 2760 [Note]   - '::' resolves to '::';
2019-08-31 10:24:33 2760 [Note] Server socket created on IP: '::'.
2019-08-31 10:37:58 7136 [Note] Plugin 'FEDERATED' is disabled.
2019-08-31 10:37:58 7136 [Note] InnoDB: The InnoDB memory heap is disabled
2019-08-31 10:37:58 7136 [Note] InnoDB: Mutexes and rw_locks use Windows interlocked functions
2019-08-31 10:37:58 7136 [Note] InnoDB: Compressed tables use zlib 1.2.3
2019-08-31 10:37:58 7136 [Note] InnoDB: Not using CPU crc32 instructions
2019-08-31 10:37:58 7136 [Note] InnoDB: Initializing buffer pool, size = 128.0M
2019-08-31 10:37:58 7136 [Note] InnoDB: Completed initialization of buffer pool
2019-08-31 10:37:58 7136 [Note] InnoDB: Highest supported file format is Barracuda.
2019-08-31 10:37:58 7136 [Note] InnoDB: The log sequence numbers 1626134 and 1626134 in ibdata files do not match the log sequence number 3301265 in the ib_logfiles!
2019-08-31 10:37:58 7136 [Note] InnoDB: Database was not shutdown normally!
2019-08-31 10:37:58 7136 [Note] InnoDB: Starting crash recovery.
2019-08-31 10:37:58 7136 [Note] InnoDB: Reading tablespace information from the .ibd files...
2019-08-31 10:37:58 7136 [Note] InnoDB: Restoring possible half-written data pages 
2019-08-31 10:37:58 7136 [Note] InnoDB: from the doublewrite buffer...
2019-08-31 10:38:00 7136 [Note] InnoDB: 128 rollback segment(s) are active.
2019-08-31 10:38:00 7136 [Note] InnoDB: Waiting for purge to start
2019-08-31 10:38:00 7136 [Note] InnoDB: 5.6.13 started; log sequence number 3301265
2019-08-31 10:38:00 7136 [Note] Server hostname (bind-address): '*'; port: 3307
2019-08-31 10:38:00 7136 [Note] IPv6 is available.
2019-08-31 10:38:00 7136 [Note]   - '::' resolves to '::';
2019-08-31 10:38:00 7136 [Note] Server socket created on IP: '::'.
2019-09-01 19:56:12 7024 [Note] Plugin 'FEDERATED' is disabled.
2019-09-01 19:56:12 7024 [Note] InnoDB: The InnoDB memory heap is disabled
2019-09-01 19:56:12 7024 [Note] InnoDB: Mutexes and rw_locks use Windows interlocked functions
2019-09-01 19:56:12 7024 [Note] InnoDB: Compressed tables use zlib 1.2.3
2019-09-01 19:56:12 7024 [Note] InnoDB: Not using CPU crc32 instructions
2019-09-01 19:56:13 7024 [Note] InnoDB: Initializing buffer pool, size = 128.0M
2019-09-01 19:56:13 7024 [Note] InnoDB: Completed initialization of buffer pool
2019-09-01 19:56:13 7024 [Note] InnoDB: Highest supported file format is Barracuda.
2019-09-01 19:56:13 7024 [Note] InnoDB: The log sequence numbers 1626134 and 1626134 in ibdata files do not match the log sequence number 3385931 in the ib_logfiles!
2019-09-01 19:56:13 7024 [Note] InnoDB: Database was not shutdown normally!
2019-09-01 19:56:13 7024 [Note] InnoDB: Starting crash recovery.
2019-09-01 19:56:13 7024 [Note] InnoDB: Reading tablespace information from the .ibd files...
2019-09-01 19:56:13 7024 [Note] InnoDB: Restoring possible half-written data pages 
2019-09-01 19:56:13 7024 [Note] InnoDB: from the doublewrite buffer...
2019-09-01 19:56:19 7024 [Note] InnoDB: 128 rollback segment(s) are active.
2019-09-01 19:56:19 7024 [Note] InnoDB: Waiting for purge to start
2019-09-01 19:56:19 7024 [Note] InnoDB: 5.6.13 started; log sequence number 3385931
2019-09-01 19:56:19 7024 [Note] Server hostname (bind-address): '*'; port: 3307
2019-09-01 19:56:19 7024 [Note] IPv6 is available.
2019-09-01 19:56:19 7024 [Note]   - '::' resolves to '::';
2019-09-01 19:56:19 7024 [Note] Server socket created on IP: '::'.
2019-09-01 19:56:22 7024 [Note] Event Scheduler: Loaded 0 events
2019-09-01 19:56:22 7024 [Note] C:\Users\Erika\Desktop\TRABAJO DE CAMARA DE COMERCIO\CAMARA DE COMERCIO\KEY/mysql/bin/mysqld_usbwv8.exe: ready for connections.
Version: '5.6.13'  socket: ''  port: 3307  MySQL Community Server (GPL)
2019-09-01 20:56:05 7296 [Note] Plugin 'FEDERATED' is disabled.
2019-09-01 20:56:05 7296 [Note] InnoDB: The InnoDB memory heap is disabled
2019-09-01 20:56:05 7296 [Note] InnoDB: Mutexes and rw_locks use Windows interlocked functions
2019-09-01 20:56:05 7296 [Note] InnoDB: Compressed tables use zlib 1.2.3
2019-09-01 20:56:05 7296 [Note] InnoDB: Not using CPU crc32 instructions
2019-09-01 20:56:05 7296 [Note] InnoDB: Initializing buffer pool, size = 128.0M
2019-09-01 20:56:05 7296 [Note] InnoDB: Completed initialization of buffer pool
2019-09-01 20:56:05 7296 [Note] InnoDB: Highest supported file format is Barracuda.
2019-09-01 20:56:05 7296 [Note] InnoDB: The log sequence numbers 1626134 and 1626134 in ibdata files do not match the log sequence number 3385941 in the ib_logfiles!
2019-09-01 20:56:05 7296 [Note] InnoDB: Database was not shutdown normally!
2019-09-01 20:56:05 7296 [Note] InnoDB: Starting crash recovery.
2019-09-01 20:56:05 7296 [Note] InnoDB: Reading tablespace information from the .ibd files...
2019-09-01 20:56:05 7296 [Note] InnoDB: Restoring possible half-written data pages 
2019-09-01 20:56:05 7296 [Note] InnoDB: from the doublewrite buffer...
2019-09-01 20:56:06 7296 [Note] InnoDB: 128 rollback segment(s) are active.
2019-09-01 20:56:06 7296 [Note] InnoDB: Waiting for purge to start
2019-09-01 20:56:06 7296 [Note] InnoDB: 5.6.13 started; log sequence number 3385941
2019-09-01 20:56:06 7296 [Note] Server hostname (bind-address): '*'; port: 3307
2019-09-01 20:56:06 7296 [Note] IPv6 is available.
2019-09-01 20:56:06 7296 [Note]   - '::' resolves to '::';
2019-09-01 20:56:06 7296 [Note] Server socket created on IP: '::'.
2019-09-02 23:18:41 9564 [Note] Plugin 'FEDERATED' is disabled.
2019-09-02 23:18:41 9564 [Note] InnoDB: The InnoDB memory heap is disabled
2019-09-02 23:18:41 9564 [Note] InnoDB: Mutexes and rw_locks use Windows interlocked functions
2019-09-02 23:18:41 9564 [Note] InnoDB: Compressed tables use zlib 1.2.3
2019-09-02 23:18:41 9564 [Note] InnoDB: Not using CPU crc32 instructions
2019-09-02 23:18:41 9564 [Note] InnoDB: Initializing buffer pool, size = 128.0M
2019-09-02 23:18:41 9564 [Note] InnoDB: Completed initialization of buffer pool
2019-09-02 23:18:41 9564 [ERROR] InnoDB: C:\Users\Erika\Desktop\TRABAJO DE CAMARA DE COMERCIO\CAMARA DE COMERCIO\KEY\mysql\data\ibdata1 can't be opened in read-write mode
2019-09-02 23:18:41 9564 [ERROR] InnoDB: The system tablespace must be writable!
2019-09-02 23:18:41 9564 [ERROR] Plugin 'InnoDB' init function returned error.
2019-09-02 23:18:41 9564 [ERROR] Plugin 'InnoDB' registration as a STORAGE ENGINE failed.
2019-09-02 23:18:41 9564 [ERROR] Unknown/unsupported storage engine: InnoDB
2019-09-02 23:18:41 9564 [ERROR] Aborting

2019-09-02 23:18:41 9564 [Note] Binlog end
2019-09-02 23:18:41 9564 [Note] Shutting down plugin 'partition'
2019-09-02 23:18:41 9564 [Note] Shutting down plugin 'PERFORMANCE_SCHEMA'
2019-09-02 23:18:41 9564 [Note] Shutting down plugin 'INNODB_SYS_DATAFILES'
2019-09-02 23:18:41 9564 [Note] Shutting down plugin 'INNODB_SYS_TABLESPACES'
2019-09-02 23:18:41 9564 [Note] Shutting down plugin 'INNODB_SYS_FOREIGN_COLS'
2019-09-02 23:18:41 9564 [Note] Shutting down plugin 'INNODB_SYS_FOREIGN'
2019-09-02 23:18:41 9564 [Note] Shutting down plugin 'INNODB_SYS_FIELDS'
2019-09-02 23:18:41 9564 [Note] Shutting down plugin 'INNODB_SYS_COLUMNS'
2019-09-02 23:18:41 9564 [Note] Shutting down plugin 'INNODB_SYS_INDEXES'
2019-09-02 23:18:41 9564 [Note] Shutting down plugin 'INNODB_SYS_TABLESTATS'
2019-09-02 23:18:41 9564 [Note] Shutting down plugin 'INNODB_SYS_TABLES'
2019-09-02 23:18:41 9564 [Note] Shutting down plugin 'INNODB_FT_INDEX_TABLE'
2019-09-02 23:18:41 9564 [Note] Shutting down plugin 'INNODB_FT_INDEX_CACHE'
2019-09-02 23:18:41 9564 [Note] Shutting down plugin 'INNODB_FT_CONFIG'
2019-09-02 23:18:41 9564 [Note] Shutting down plugin 'INNODB_FT_BEING_DELETED'
2019-09-02 23:18:41 9564 [Note] Shutting down plugin 'INNODB_FT_DELETED'
2019-09-02 23:18:41 9564 [Note] Shutting down plugin 'INNODB_FT_DEFAULT_STOPWORD'
2019-09-02 23:18:41 9564 [Note] Shutting down plugin 'INNODB_METRICS'
2019-09-02 23:18:41 9564 [Note] Shutting down plugin 'INNODB_BUFFER_POOL_STATS'
2019-09-02 23:18:41 9564 [Note] Shutting down plugin 'INNODB_BUFFER_PAGE_LRU'
2019-09-02 23:18:41 9564 [Note] Shutting down plugin 'INNODB_BUFFER_PAGE'
2019-09-02 23:18:41 9564 [Note] Shutting down plugin 'INNODB_CMP_PER_INDEX_RESET'
2019-09-02 23:18:41 9564 [Note] Shutting down plugin 'INNODB_CMP_PER_INDEX'
2019-09-02 23:18:41 9564 [Note] Shutting down plugin 'INNODB_CMPMEM_RESET'
2019-09-02 23:18:41 9564 [Note] Shutting down plugin 'INNODB_CMPMEM'
2019-09-02 23:18:41 9564 [Note] Shutting down plugin 'INNODB_CMP_RESET'
2019-09-02 23:18:41 9564 [Note] Shutting down plugin 'INNODB_CMP'
2019-09-02 23:18:41 9564 [Note] Shutting down plugin 'INNODB_LOCK_WAITS'
2019-09-02 23:18:41 9564 [Note] Shutting down plugin 'INNODB_LOCKS'
2019-09-02 23:18:41 9564 [Note] Shutting down plugin 'INNODB_TRX'
2019-09-02 23:18:41 9564 [Note] Shutting down plugin 'BLACKHOLE'
2019-09-02 23:18:41 9564 [Note] Shutting down plugin 'ARCHIVE'
2019-09-02 23:18:41 9564 [Note] Shutting down plugin 'MRG_MYISAM'
2019-09-02 23:18:41 9564 [Note] Shutting down plugin 'MyISAM'
2019-09-02 23:18:41 9564 [Note] Shutting down plugin 'MEMORY'
2019-09-02 23:18:41 9564 [Note] Shutting down plugin 'CSV'
2019-09-02 23:18:41 9564 [Note] Shutting down plugin 'sha256_password'
2019-09-02 23:18:41 9564 [Note] Shutting down plugin 'mysql_old_password'
2019-09-02 23:18:41 9564 [Note] Shutting down plugin 'mysql_native_password'
2019-09-02 23:18:41 9564 [Note] Shutting down plugin 'binlog'
2019-09-02 23:18:41 9564 [Note] C:\Users\Erika\Desktop\TRABAJO DE CAMARA DE COMERCIO\CAMARA DE COMERCIO\KEY/mysql/bin/mysqld_usbwv8.exe: Shutdown complete

